<?xml version="1.0" encoding="UTF-8"?>
<!-- Generated by org.testng.reporters.JUnitXMLReporter -->
<testsuite ignored="0" hostname="RainBow" failures="0" tests="5" name="API Test" time="16.616" errors="0" timestamp="09 Feb 2020 22:33:03 GMT">
  <testcase classname="com.rubyonrails.qa.test.APIpagesTest" name="clickOnAPITest" time="1.344"/>
  <testcase classname="com.rubyonrails.qa.test.APIpagesTest" name="checkBrokenLinksTest" time="6.198"/>
  <testcase classname="com.rubyonrails.qa.test.APIpagesTest" name="clickOnActionControllerTest" time="0.299"/>
  <testcase classname="com.rubyonrails.qa.test.APIpagesTest" name="clickOnAbstractControllerTest" time="0.288"/>
  <testcase classname="com.rubyonrails.qa.test.APIpagesTest" name="searchTest" time="1.817"/>
</testsuite> <!-- API Test -->
