<?xml version="1.0" encoding="UTF-8"?>
<!-- Generated by org.testng.reporters.JUnitXMLReporter -->
<testsuite ignored="1" hostname="RainBow" failures="0" tests="5" name="Blogs Test" time="15.157" errors="0" timestamp="09 Feb 2020 22:34:04 GMT">
  <testcase classname="com.rubyonrails.qa.test.BlogsPageTest" name="clickOnBlogTest" time="0.815"/>
  <testcase classname="com.rubyonrails.qa.test.BlogsPageTest" name="clickOnContributorsToRailsTest" time="0.626"/>
  <testcase classname="com.rubyonrails.qa.test.BlogsPageTest" name="clickOnThisWeekTest" time="0.197"/>
  <testcase classname="com.rubyonrails.qa.test.BlogsPageTest" name="tableTitleTest" time="0.113"/>
  <testcase classname="com.rubyonrails.qa.test.BlogsPageTest" name="displayTableContentsTest" time="6.943"/>
  <testcase classname="com.rubyonrails.qa.test.BlogsPageTest" name="checkBrokenLinksTest" time="0.0">
    <ignored/>
  </testcase> <!-- checkBrokenLinksTest -->
</testsuite> <!-- Blogs Test -->
