<?xml version="1.0" encoding="UTF-8"?>
<!-- Generated by org.testng.reporters.JUnitXMLReporter -->
<testsuite ignored="0" hostname="RainBow" failures="0" tests="2" name="ContributeToGit Test" time="10.964" errors="0" timestamp="09 Feb 2020 22:32:47 GMT">
  <testcase classname="com.rubyonrails.qa.test.ContributeToGitPagesTest" name="clickOnContributeToGitTest" time="4.439"/>
  <testcase classname="com.rubyonrails.qa.test.ContributeToGitPagesTest" name="validateTitleTest" time="0.093"/>
</testsuite> <!-- ContributeToGit Test -->
