<?xml version="1.0" encoding="UTF-8"?>
<!-- Generated by org.testng.reporters.JUnitXMLReporter -->
<testsuite ignored="0" hostname="RainBow" failures="0" tests="5" name="Guide Test" time="45.326" errors="0" timestamp="09 Feb 2020 22:33:49 GMT">
  <testcase classname="com.rubyonrails.qa.test.GuidePageTest" name="clickOnGuidesMenuTest" time="1.159"/>
  <testcase classname="com.rubyonrails.qa.test.GuidePageTest" name="footerText" time="0.177"/>
  <testcase classname="com.rubyonrails.qa.test.GuidePageTest" name="checkBrokenLinksTest" time="37.543"/>
  <testcase classname="com.rubyonrails.qa.test.GuidePageTest" name="clickOnGuidesIndexTest" time="0.148"/>
  <testcase classname="com.rubyonrails.qa.test.GuidePageTest" name="controllerTest" time="0.216"/>
</testsuite> <!-- Guide Test -->
