<?xml version="1.0" encoding="UTF-8"?>
<!-- Generated by org.testng.reporters.JUnitXMLReporter -->
<testsuite ignored="0" hostname="RainBow" failures="0" tests="4" name="HomePageTest" time="20.102" errors="0" timestamp="09 Feb 2020 22:32:36 GMT">
  <testcase classname="com.rubyonrails.qa.test.HomePageTest" name="checkBrokenLinksTest" time="12.029"/>
  <testcase classname="com.rubyonrails.qa.test.HomePageTest" name="validateTitleTest" time="0.015"/>
  <testcase classname="com.rubyonrails.qa.test.HomePageTest" name="logoDisplayTest" time="0.056"/>
  <testcase classname="com.rubyonrails.qa.test.HomePageTest" name="footerLogoTest" time="0.054"/>
</testsuite> <!-- HomePageTest -->
