<?xml version="1.0" encoding="UTF-8"?>
<!-- Generated by org.testng.reporters.JUnitXMLReporter -->
<testsuite ignored="0" hostname="RainBow" failures="0" tests="2" name="Regression Test" time="3.043" errors="0" timestamp="09 Feb 2020 21:10:20 GMT">
  <testcase classname="com.rubyonrails.qa.test.ContributeToGitPagesTest" name="clickOnContributeToGitTest" time="2.933"/>
  <testcase classname="com.rubyonrails.qa.test.ContributeToGitPagesTest" name="validateTitleTest" time="0.055"/>
</testsuite> <!-- Regression Test -->
