<?xml version="1.0" encoding="UTF-8"?>
<!-- Generated by org.testng.reporters.JUnitXMLReporter -->
<testsuite ignored="0" hostname="RainBow" failures="0" tests="11" name="Default test" time="70.736" errors="0" timestamp="07 Feb 2020 01:33:28 GMT">
  <testcase classname="com.rubyonrails.qa.test.HomePageTest" name="validateTitleTest" time="1.589"/>
  <testcase classname="com.rubyonrails.qa.test.HomePageTest" name="logoDisplayTest" time="0.864"/>
  <testcase classname="com.rubyonrails.qa.test.HomePageTest" name="clickOnLinkEverythingTest" time="3.493"/>
  <testcase classname="com.rubyonrails.qa.test.HomePageTest" name="clickOnLinkLearnTest" time="9.878"/>
  <testcase classname="com.rubyonrails.qa.test.HomePageTest" name="clickOnVersionTest" time="2.588"/>
  <testcase classname="com.rubyonrails.qa.test.HomePageTest" name="baseCampTest" time="12.693"/>
  <testcase classname="com.rubyonrails.qa.test.HomePageTest" name="linkTwitter" time="2.794"/>
  <testcase classname="com.rubyonrails.qa.test.HomePageTest" name="weekInRails" time="5.302"/>
  <testcase classname="com.rubyonrails.qa.test.HomePageTest" name="footerConductlinkTest" time="1.711"/>
  <testcase classname="com.rubyonrails.qa.test.HomePageTest" name="footerLicenseLinkText" time="4.547"/>
  <testcase classname="com.rubyonrails.qa.test.HomePageTest" name="footerLogoTest" time="0.117"/>
</testsuite> <!-- Default test -->
