<?xml version="1.0" encoding="UTF-8"?>
<!-- Generated by org.testng.reporters.JUnitXMLReporter -->
<testsuite ignored="1" hostname="RainBow" failures="0" tests="5" name="Default test" time="16.736" errors="0" timestamp="09 Feb 2020 22:08:42 GMT">
  <testcase classname="com.rubyonrails.qa.test.BlogsPageTest" name="clickOnBlogTest" time="0.77"/>
  <testcase classname="com.rubyonrails.qa.test.BlogsPageTest" name="clickOnContributorsToRailsTest" time="0.754"/>
  <testcase classname="com.rubyonrails.qa.test.BlogsPageTest" name="clickOnThisWeekTest" time="0.171"/>
  <testcase classname="com.rubyonrails.qa.test.BlogsPageTest" name="tableTitleTest" time="0.187"/>
  <testcase classname="com.rubyonrails.qa.test.BlogsPageTest" name="displayTableContentsTest" time="7.346"/>
  <testcase classname="com.rubyonrails.qa.test.BlogsPageTest" name="checkBrokenLinksTest" time="0.0">
    <ignored/>
  </testcase> <!-- checkBrokenLinksTest -->
</testsuite> <!-- Default test -->
