<?xml version="1.0" encoding="UTF-8"?>
<!-- Generated by org.testng.reporters.JUnitXMLReporter -->
<testsuite ignored="0" hostname="RainBow" failures="0" tests="2" name="SmokeTest" time="9.382" errors="0" timestamp="09 Feb 2020 21:04:31 GMT">
  <testcase classname="com.rubyonrails.qa.test.ContributeToGitPagesTest" name="clickOnContributeToGitTest" time="1.953"/>
  <testcase classname="com.rubyonrails.qa.test.ContributeToGitPagesTest" name="validateTitleTest" time="0.047"/>
</testsuite> <!-- SmokeTest -->
