<?xml version="1.0" encoding="UTF-8"?>
<!-- Generated by org.testng.reporters.JUnitXMLReporter -->
<testsuite ignored="3" hostname="RainBow" failures="0" tests="1" name="Test" time="20.163" errors="0" timestamp="09 Feb 2020 22:21:52 GMT">
  <testcase classname="com.rubyonrails.qa.test.HomePageTest" name="checkBrokenLinksTest" time="12.221"/>
  <testcase classname="com.rubyonrails.qa.test.HomePageTest" name="logoDisplayTest" time="0.0">
    <ignored/>
  </testcase> <!-- logoDisplayTest -->
  <testcase classname="com.rubyonrails.qa.test.HomePageTest" name="footerLogoTest" time="0.0">
    <ignored/>
  </testcase> <!-- footerLogoTest -->
  <testcase classname="com.rubyonrails.qa.test.HomePageTest" name="validateTitleTest" time="0.0">
    <ignored/>
  </testcase> <!-- validateTitleTest -->
</testsuite> <!-- Test -->
