<?xml version="1.0" encoding="UTF-8"?>
<testng-results ignored="1" total="22" passed="21" failed="0" skipped="0">
  <reporter-output>
  </reporter-output>
  <suite started-at="2020-02-09T22:32:16Z" name="Regression Testing" finished-at="2020-02-09T22:34:04Z" duration-ms="108286">
    <groups>
    </groups>
    <test started-at="2020-02-09T22:32:16Z" name="HomePageTest" finished-at="2020-02-09T22:32:36Z" duration-ms="20102">
      <class name="com.rubyonrails.qa.test.HomePageTest">
        <test-method is-config="true" signature="setUp()[pri:0, instance:com.rubyonrails.qa.test.HomePageTest@2c1b194a]" started-at="2020-02-09T22:32:16Z" name="setUp" finished-at="2020-02-09T22:32:23Z" duration-ms="6899" status="PASS">
          <reporter-output>
          </reporter-output>
        </test-method> <!-- setUp -->
        <test-method signature="checkBrokenLinksTest()[pri:1, instance:com.rubyonrails.qa.test.HomePageTest@2c1b194a]" started-at="2020-02-09T22:32:23Z" name="checkBrokenLinksTest" finished-at="2020-02-09T22:32:35Z" duration-ms="12029" status="PASS">
          <reporter-output>
          </reporter-output>
        </test-method> <!-- checkBrokenLinksTest -->
        <test-method signature="validateTitleTest()[pri:2, instance:com.rubyonrails.qa.test.HomePageTest@2c1b194a]" started-at="2020-02-09T22:32:35Z" name="validateTitleTest" finished-at="2020-02-09T22:32:35Z" duration-ms="15" status="PASS">
          <reporter-output>
          </reporter-output>
        </test-method> <!-- validateTitleTest -->
        <test-method signature="logoDisplayTest()[pri:3, instance:com.rubyonrails.qa.test.HomePageTest@2c1b194a]" started-at="2020-02-09T22:32:35Z" name="logoDisplayTest" finished-at="2020-02-09T22:32:35Z" duration-ms="56" status="PASS">
          <reporter-output>
          </reporter-output>
        </test-method> <!-- logoDisplayTest -->
        <test-method signature="footerLogoTest()[pri:4, instance:com.rubyonrails.qa.test.HomePageTest@2c1b194a]" started-at="2020-02-09T22:32:35Z" name="footerLogoTest" finished-at="2020-02-09T22:32:35Z" duration-ms="54" status="PASS">
          <reporter-output>
          </reporter-output>
        </test-method> <!-- footerLogoTest -->
        <test-method is-config="true" signature="tearDown()[pri:0, instance:com.rubyonrails.qa.test.HomePageTest@2c1b194a]" started-at="2020-02-09T22:32:35Z" name="tearDown" finished-at="2020-02-09T22:32:36Z" duration-ms="961" status="PASS">
          <reporter-output>
          </reporter-output>
        </test-method> <!-- tearDown -->
      </class> <!-- com.rubyonrails.qa.test.HomePageTest -->
    </test> <!-- HomePageTest -->
    <test started-at="2020-02-09T22:32:36Z" name="ContributeToGit Test" finished-at="2020-02-09T22:32:47Z" duration-ms="10964">
      <class name="com.rubyonrails.qa.test.ContributeToGitPagesTest">
        <test-method is-config="true" signature="setUp()[pri:0, instance:com.rubyonrails.qa.test.ContributeToGitPagesTest@7db12bb6]" started-at="2020-02-09T22:32:36Z" name="setUp" finished-at="2020-02-09T22:32:41Z" duration-ms="5400" status="PASS">
          <reporter-output>
          </reporter-output>
        </test-method> <!-- setUp -->
        <test-method signature="clickOnContributeToGitTest()[pri:0, instance:com.rubyonrails.qa.test.ContributeToGitPagesTest@7db12bb6]" started-at="2020-02-09T22:32:41Z" name="clickOnContributeToGitTest" finished-at="2020-02-09T22:32:46Z" duration-ms="4439" status="PASS">
          <reporter-output>
          </reporter-output>
        </test-method> <!-- clickOnContributeToGitTest -->
        <test-method signature="validateTitleTest()[pri:0, instance:com.rubyonrails.qa.test.ContributeToGitPagesTest@7db12bb6]" started-at="2020-02-09T22:32:46Z" name="validateTitleTest" finished-at="2020-02-09T22:32:46Z" duration-ms="93" status="PASS">
          <reporter-output>
          </reporter-output>
        </test-method> <!-- validateTitleTest -->
        <test-method is-config="true" signature="tearDownTest()[pri:0, instance:com.rubyonrails.qa.test.ContributeToGitPagesTest@7db12bb6]" started-at="2020-02-09T22:32:46Z" name="tearDownTest" finished-at="2020-02-09T22:32:47Z" duration-ms="1023" status="PASS">
          <reporter-output>
          </reporter-output>
        </test-method> <!-- tearDownTest -->
      </class> <!-- com.rubyonrails.qa.test.ContributeToGitPagesTest -->
    </test> <!-- ContributeToGit Test -->
    <test started-at="2020-02-09T22:32:47Z" name="API Test" finished-at="2020-02-09T22:33:03Z" duration-ms="16616">
      <class name="com.rubyonrails.qa.test.APIpagesTest">
        <test-method is-config="true" signature="setUp()[pri:0, instance:com.rubyonrails.qa.test.APIpagesTest@60bd273d]" started-at="2020-02-09T22:32:47Z" name="setUp" finished-at="2020-02-09T22:32:52Z" duration-ms="5306" status="PASS">
          <reporter-output>
          </reporter-output>
        </test-method> <!-- setUp -->
        <test-method signature="clickOnAPITest()[pri:1, instance:com.rubyonrails.qa.test.APIpagesTest@60bd273d]" started-at="2020-02-09T22:32:52Z" name="clickOnAPITest" finished-at="2020-02-09T22:32:53Z" duration-ms="1344" status="PASS">
          <reporter-output>
          </reporter-output>
        </test-method> <!-- clickOnAPITest -->
        <test-method signature="checkBrokenLinksTest()[pri:2, instance:com.rubyonrails.qa.test.APIpagesTest@60bd273d]" started-at="2020-02-09T22:32:53Z" name="checkBrokenLinksTest" finished-at="2020-02-09T22:33:00Z" duration-ms="6198" status="PASS">
          <reporter-output>
          </reporter-output>
        </test-method> <!-- checkBrokenLinksTest -->
        <test-method signature="clickOnActionControllerTest()[pri:3, instance:com.rubyonrails.qa.test.APIpagesTest@60bd273d]" started-at="2020-02-09T22:33:00Z" name="clickOnActionControllerTest" finished-at="2020-02-09T22:33:00Z" duration-ms="299" status="PASS">
          <reporter-output>
          </reporter-output>
        </test-method> <!-- clickOnActionControllerTest -->
        <test-method signature="clickOnAbstractControllerTest()[pri:4, instance:com.rubyonrails.qa.test.APIpagesTest@60bd273d]" started-at="2020-02-09T22:33:00Z" name="clickOnAbstractControllerTest" finished-at="2020-02-09T22:33:00Z" duration-ms="288" status="PASS">
          <reporter-output>
          </reporter-output>
        </test-method> <!-- clickOnAbstractControllerTest -->
        <test-method signature="searchTest()[pri:5, instance:com.rubyonrails.qa.test.APIpagesTest@60bd273d]" started-at="2020-02-09T22:33:00Z" name="searchTest" finished-at="2020-02-09T22:33:02Z" duration-ms="1817" status="PASS">
          <reporter-output>
          </reporter-output>
        </test-method> <!-- searchTest -->
        <test-method is-config="true" signature="tearDownTest()[pri:0, instance:com.rubyonrails.qa.test.APIpagesTest@60bd273d]" started-at="2020-02-09T22:33:02Z" name="tearDownTest" finished-at="2020-02-09T22:33:03Z" duration-ms="1353" status="PASS">
          <reporter-output>
          </reporter-output>
        </test-method> <!-- tearDownTest -->
      </class> <!-- com.rubyonrails.qa.test.APIpagesTest -->
    </test> <!-- API Test -->
    <test started-at="2020-02-09T22:33:03Z" name="Guide Test" finished-at="2020-02-09T22:33:49Z" duration-ms="45326">
      <class name="com.rubyonrails.qa.test.GuidePageTest">
        <test-method is-config="true" signature="setUp()[pri:0, instance:com.rubyonrails.qa.test.GuidePageTest@2e6a8155]" started-at="2020-02-09T22:33:03Z" name="setUp" finished-at="2020-02-09T22:33:09Z" duration-ms="5239" status="PASS">
          <reporter-output>
          </reporter-output>
        </test-method> <!-- setUp -->
        <test-method signature="clickOnGuidesMenuTest()[pri:1, instance:com.rubyonrails.qa.test.GuidePageTest@2e6a8155]" started-at="2020-02-09T22:33:09Z" name="clickOnGuidesMenuTest" finished-at="2020-02-09T22:33:10Z" duration-ms="1159" status="PASS">
          <reporter-output>
          </reporter-output>
        </test-method> <!-- clickOnGuidesMenuTest -->
        <test-method signature="footerText()[pri:2, instance:com.rubyonrails.qa.test.GuidePageTest@2e6a8155]" started-at="2020-02-09T22:33:10Z" name="footerText" finished-at="2020-02-09T22:33:10Z" duration-ms="177" status="PASS">
          <reporter-output>
          </reporter-output>
        </test-method> <!-- footerText -->
        <test-method signature="checkBrokenLinksTest()[pri:3, instance:com.rubyonrails.qa.test.GuidePageTest@2e6a8155]" started-at="2020-02-09T22:33:10Z" name="checkBrokenLinksTest" finished-at="2020-02-09T22:33:48Z" duration-ms="37543" status="PASS">
          <reporter-output>
          </reporter-output>
        </test-method> <!-- checkBrokenLinksTest -->
        <test-method signature="clickOnGuidesIndexTest()[pri:4, instance:com.rubyonrails.qa.test.GuidePageTest@2e6a8155]" started-at="2020-02-09T22:33:48Z" name="clickOnGuidesIndexTest" finished-at="2020-02-09T22:33:48Z" duration-ms="148" status="PASS">
          <reporter-output>
          </reporter-output>
        </test-method> <!-- clickOnGuidesIndexTest -->
        <test-method signature="controllerTest()[pri:5, instance:com.rubyonrails.qa.test.GuidePageTest@2e6a8155]" started-at="2020-02-09T22:33:48Z" name="controllerTest" finished-at="2020-02-09T22:33:48Z" duration-ms="216" status="PASS">
          <reporter-output>
          </reporter-output>
        </test-method> <!-- controllerTest -->
        <test-method is-config="true" signature="tearDown()[pri:0, instance:com.rubyonrails.qa.test.GuidePageTest@2e6a8155]" started-at="2020-02-09T22:33:48Z" name="tearDown" finished-at="2020-02-09T22:33:49Z" duration-ms="826" status="PASS">
          <reporter-output>
          </reporter-output>
        </test-method> <!-- tearDown -->
      </class> <!-- com.rubyonrails.qa.test.GuidePageTest -->
    </test> <!-- Guide Test -->
    <test started-at="2020-02-09T22:33:49Z" name="Blogs Test" finished-at="2020-02-09T22:34:04Z" duration-ms="15157">
      <class name="com.rubyonrails.qa.test.BlogsPageTest">
        <test-method is-config="true" signature="setUp()[pri:0, instance:com.rubyonrails.qa.test.BlogsPageTest@4b45a2f5]" started-at="2020-02-09T22:33:49Z" name="setUp" finished-at="2020-02-09T22:33:54Z" duration-ms="5256" status="PASS">
          <reporter-output>
          </reporter-output>
        </test-method> <!-- setUp -->
        <test-method signature="clickOnBlogTest()[pri:1, instance:com.rubyonrails.qa.test.BlogsPageTest@4b45a2f5]" started-at="2020-02-09T22:33:54Z" name="clickOnBlogTest" finished-at="2020-02-09T22:33:55Z" duration-ms="815" status="PASS">
          <reporter-output>
          </reporter-output>
        </test-method> <!-- clickOnBlogTest -->
        <test-method signature="clickOnContributorsToRailsTest()[pri:3, instance:com.rubyonrails.qa.test.BlogsPageTest@4b45a2f5]" started-at="2020-02-09T22:33:55Z" name="clickOnContributorsToRailsTest" finished-at="2020-02-09T22:33:55Z" duration-ms="626" status="PASS">
          <reporter-output>
          </reporter-output>
        </test-method> <!-- clickOnContributorsToRailsTest -->
        <test-method signature="clickOnThisWeekTest()[pri:4, instance:com.rubyonrails.qa.test.BlogsPageTest@4b45a2f5]" started-at="2020-02-09T22:33:55Z" name="clickOnThisWeekTest" finished-at="2020-02-09T22:33:56Z" duration-ms="197" status="PASS">
          <reporter-output>
          </reporter-output>
        </test-method> <!-- clickOnThisWeekTest -->
        <test-method signature="tableTitleTest()[pri:5, instance:com.rubyonrails.qa.test.BlogsPageTest@4b45a2f5]" started-at="2020-02-09T22:33:56Z" name="tableTitleTest" finished-at="2020-02-09T22:33:56Z" duration-ms="113" status="PASS">
          <reporter-output>
          </reporter-output>
        </test-method> <!-- tableTitleTest -->
        <test-method signature="displayTableContentsTest()[pri:6, instance:com.rubyonrails.qa.test.BlogsPageTest@4b45a2f5]" started-at="2020-02-09T22:33:56Z" name="displayTableContentsTest" finished-at="2020-02-09T22:34:03Z" duration-ms="6943" status="PASS">
          <reporter-output>
          </reporter-output>
        </test-method> <!-- displayTableContentsTest -->
        <test-method is-config="true" signature="tearDown()[pri:0, instance:com.rubyonrails.qa.test.BlogsPageTest@4b45a2f5]" started-at="2020-02-09T22:34:03Z" name="tearDown" finished-at="2020-02-09T22:34:04Z" duration-ms="1197" status="PASS">
          <reporter-output>
          </reporter-output>
        </test-method> <!-- tearDown -->
      </class> <!-- com.rubyonrails.qa.test.BlogsPageTest -->
    </test> <!-- Blogs Test -->
  </suite> <!-- Regression Testing -->
</testng-results>
